'---Generation: 0---'
array([[ 2.49101036e-05, -1.87879231e-06],
       [ 2.49101036e-05, -1.87879231e-06],
       [ 2.49101036e-05, -1.87879231e-06],
       [ 2.49101036e-05, -1.87879231e-06],
       [ 2.49101036e-05, -1.87879231e-06]])
'---Fitness: 0---'
array([2.92667979e+11, 2.92667979e+11, 2.92667979e+11, 2.92667979e+11,
       2.92667979e+11])
'---Test Fitness: 0---'
array([9.71778009e+10, 9.71778009e+10, 9.71778009e+10, 9.71778009e+10,
       9.71778009e+10])
'---Generation: 1---'
array([[ 2.48885570e-05, -1.87630514e-06],
       [ 2.48791270e-05, -1.87831962e-06],
       [ 2.49101036e-05, -1.87879231e-06],
       [ 2.48866995e-05, -1.87909767e-06],
       [ 2.49101036e-05, -1.88013413e-06]])
'---Fitness: 1---'
array([2.84843830e+11, 2.91487689e+11, 2.92667979e+11, 2.94079767e+11,
       2.97387511e+11])
'---Test Fitness: 1---'
array([9.80976902e+10, 9.73837522e+10, 9.71778009e+10, 9.73951930e+10,
       9.73943872e+10])
'---Generation: 2---'
array([[ 2.48480667e-05, -1.87489661e-06],
       [ 2.49062315e-05, -1.87623068e-06],
       [ 2.48885570e-05, -1.87630514e-06],
       [ 2.48605944e-05, -1.87806781e-06],
       [ 2.48829990e-05, -1.87837871e-06]])
'---Fitness: 2---'
array([2.80851361e+11, 2.84505117e+11, 2.84843830e+11, 2.90893114e+11,
       2.91634677e+11])
'---Test Fitness: 2---'
array([9.88218389e+10, 9.83219653e+10, 9.80976902e+10, 9.75129747e+10,
       9.73574644e+10])
'---Generation: 3---'
array([[ 2.48480667e-05, -1.87489661e-06],
       [ 2.48553373e-05, -1.87506336e-06],
       [ 2.49211802e-05, -1.87606392e-06],
       [ 2.48553373e-05, -1.88118993e-06],
       [ 2.48989609e-05, -1.88173742e-06]])
'---Fitness: 3---'
array([2.80851361e+11, 2.81306448e+11, 2.83939575e+11, 3.02596487e+11,
       3.03680858e+11])
'---Test Fitness: 3---'
array([9.88218389e+10, 9.87590438e+10, 9.86629942e+10, 9.93675140e+10,
       9.87002803e+10])
'---Generation: 4---'
array([[ 2.48480667e-05, -1.87489661e-06],
       [ 2.48489755e-05, -1.87491745e-06],
       [ 2.48901651e-05, -1.87504252e-06],
       [ 2.48029274e-05, -1.87856836e-06],
       [ 2.48572116e-05, -1.88042411e-06]])
'---Fitness: 4---'
array([2.80851361e+11, 2.80908221e+11, 2.81099633e+11, 2.93711599e+11,
       2.99553322e+11])
'---Test Fitness: 4---'
array([9.88218389e+10, 9.88139847e+10, 9.92706715e+10, 9.84477651e+10,
       9.85890167e+10])
'---Generation: 5---'
array([[ 2.48561931e-05, -1.86817428e-06],
       [ 2.48480667e-05, -1.87489661e-06],
       [ 2.48533290e-05, -1.87516873e-06],
       [ 2.48079390e-05, -1.87535558e-06],
       [ 2.48085698e-05, -1.87794137e-06]])
'---Fitness: 5---'
array([2.64785729e+11, 2.80851361e+11, 2.81632031e+11, 2.82566051e+11,
       2.91308566e+11])
'---Test Fitness: 5---'
array([1.12479874e+11, 9.88218389e+10, 9.86463584e+10, 9.82152788e+10,
       9.80580341e+10])
'---Generation: 6---'
array([[ 2.48561931e-05, -1.86817428e-06],
       [ 2.47664299e-05, -1.86948899e-06],
       [ 2.48896109e-05, -1.86901457e-06],
       [ 2.48490825e-05, -1.87405632e-06],
       [ 2.48318416e-05, -1.87445791e-06]])
'---Fitness: 6---'
array([2.64785729e+11, 2.66475211e+11, 2.66898484e+11, 2.78415264e+11,
       2.79641061e+11])
'---Test Fitness: 6---'
array([1.12479874e+11, 1.04858900e+11, 1.11813445e+11, 9.96973492e+10,
       9.90227101e+10])
'---Generation: 7---'
array([[ 2.48561931e-05, -1.86817428e-06],
       [ 2.48633890e-05, -1.86833862e-06],
       [ 2.47776503e-05, -1.86932465e-06],
       [ 2.47767615e-05, -1.86966992e-06],
       [ 2.48387509e-05, -1.87348540e-06]])
'---Fitness: 7---'
array([2.64785729e+11, 2.65209101e+11, 2.66174838e+11, 2.66964218e+11,
       2.76842237e+11])
'---Test Fitness: 7---'
array([1.12479874e+11, 1.12387022e+11, 1.05633467e+11, 1.04860302e+11,
       1.00200907e+11])
'---Generation: 8---'
array([[ 2.48561931e-05, -1.86817428e-06],
       [ 2.48463752e-05, -1.86831808e-06],
       [ 2.47875899e-05, -1.86950351e-06],
       [ 2.48202408e-05, -1.87171743e-06],
       [ 2.48064003e-05, -1.87214421e-06]])
'---Fitness: 8---'
array([2.64785729e+11, 2.64891083e+11, 2.66658364e+11, 2.72149844e+11,
       2.73230688e+11])
'---Test Fitness: 8---'
array([1.12479874e+11, 1.11487749e+11, 1.05628506e+11, 1.02395858e+11,
       1.01342520e+11])
'---Generation: 9---'
array([[ 2.48561931e-05, -1.86817428e-06],
       [ 2.48549658e-05, -1.86819226e-06],
       [ 2.48179468e-05, -1.86861718e-06],
       [ 2.48247348e-05, -1.86874985e-06],
       [ 2.47992816e-05, -1.87043947e-06]])
'---Fitness: 9---'
array([2.64785729e+11, 2.64797831e+11, 2.65067397e+11, 2.65423736e+11,
       2.68917416e+11])
'---Test Fitness: 9---'
array([1.12479874e+11, 1.12353728e+11, 1.09148609e+11, 1.09126504e+11,
       1.04096562e+11])
'---Generation: 10---'
array([[ 2.48417540e-05, -1.86822964e-06],
       [ 2.48561931e-05, -1.86817428e-06],
       [ 2.48551192e-05, -1.86844121e-06],
       [ 2.49703730e-05, -1.86817653e-06],
       [ 2.49022724e-05, -1.87352213e-06]])
'---Fitness: 10---'
array([2.64651169e+11, 2.64785729e+11, 2.65262367e+11, 2.67201057e+11,
       2.76984101e+11])
'---Test Fitness: 10---'
array([1.11495419e+11, 1.12479874e+11, 1.11605631e+11, 1.19973725e+11,
       1.01679094e+11])
'---Generation: 11---'
array([[ 2.48434247e-05, -1.86453490e-06],
       [ 2.48417540e-05, -1.86822964e-06],
       [ 2.48560588e-05, -1.86820765e-06],
       [ 2.48534486e-05, -1.86841476e-06],
       [ 2.49670171e-05, -1.86840784e-06]])
'---Fitness: 11---'
array([2.58861495e+11, 2.64651169e+11, 2.64844558e+11, 2.65185873e+11,
       2.67460793e+11])
'---Test Fitness: 11---'
array([1.24821506e+11, 1.11495419e+11, 1.12369127e+11, 1.11591772e+11,
       1.18849262e+11])
'---Generation: 12---'
array([[ 2.48434247e-05, -1.86453490e-06],
       [ 2.47954300e-05, -1.86570609e-06],
       [ 2.48446777e-05, -1.86501988e-06],
       [ 2.48521956e-05, -1.86792978e-06],
       [ 2.48519868e-05, -1.87724779e-06]])
'---Fitness: 12---'
array([2.58861495e+11, 2.59383044e+11, 2.59529553e+11, 2.64272837e+11,
       2.88228903e+11])
'---Test Fitness: 12---'
array([1.24821506e+11, 1.16837699e+11, 1.22931839e+11, 1.13009538e+11,
       9.76081586e+10])
'---Generation: 13---'
array([[ 2.48434247e-05, -1.86453490e-06],
       [ 2.48015860e-05, -1.86562032e-06],
       [ 2.48385217e-05, -1.86510566e-06],
       [ 2.48707057e-05, -1.86510566e-06],
       [ 2.48015860e-05, -1.87151086e-06]])
'---Fitness: 13---'
array([2.58861495e+11, 2.59375574e+11, 2.59485456e+11, 2.60352322e+11,
       2.71575904e+11])
'---Test Fitness: 13---'
array([1.24821506e+11, 1.17547999e+11, 1.22118604e+11, 1.24629364e+11,
       1.02214504e+11])
'---Generation: 14---'
array([[ 2.47396141e-05, -1.86516999e-06],
       [ 2.48434247e-05, -1.86453490e-06],
       [ 2.48182488e-05, -1.86555599e-06],
       [ 2.48649386e-05, -1.86510566e-06],
       [ 2.48666827e-05, -1.86510566e-06]])
'---Fitness: 14---'
array([2.57394646e+11, 2.58861495e+11, 2.59645075e+11, 2.60191543e+11,
       2.60239914e+11])
'---Test Fitness: 14---'
array([1.15096748e+11, 1.24821506e+11, 1.18922534e+11, 1.24168820e+11,
       1.24307606e+11])
'---Generation: 15---'
array([[ 2.47552797e-05, -1.86350841e-06],
       [ 2.47396141e-05, -1.86516999e-06],
       [ 2.48428276e-05, -1.86549970e-06],
       [ 2.48912110e-05, -1.86516195e-06],
       [ 2.48492731e-05, -1.86662657e-06]])
'---Fitness: 15---'
array([2.55160882e+11, 2.57394646e+11, 2.60147939e+11, 2.61011479e+11,
       2.62002353e+11])
'---Test Fitness: 15---'
array([1.22137407e+11, 1.15096748e+11, 1.20900181e+11, 1.26062419e+11,
       1.17183028e+11])
'---Generation: 16---'
array([[ 2.47552797e-05, -1.86350841e-06],
       [ 2.47972958e-05, -1.86286872e-06],
       [ 2.47533215e-05, -1.86555730e-06],
       [ 2.47415723e-05, -1.86584444e-06],
       [ 2.47525158e-05, -1.87033928e-06]])
'---Fitness: 16---'
array([2.55160882e+11, 2.55510330e+11, 2.58313306e+11, 2.58619193e+11,
       2.68480362e+11])
'---Test Fitness: 16---'
array([1.22137407e+11, 1.28152036e+11, 1.14672731e+11, 1.13071764e+11,
       1.02798373e+11])
'---Generation: 17---'
array([[ 2.47087445e-05, -1.86380042e-06],
       [ 2.47552797e-05, -1.86350841e-06],
       [ 2.47518528e-05, -1.86559319e-06],
       [ 2.47430410e-05, -1.86580855e-06],
       [ 2.47720833e-05, -1.86555244e-06]])
'---Fitness: 17---'
array([2.54529309e+11, 2.55160882e+11, 2.58349055e+11, 2.58578470e+11,
       2.58659646e+11])
'---Test Fitness: 17---'
array([1.17769312e+11, 1.22137407e+11, 1.14467647e+11, 1.13266921e+11,
       1.15855265e+11])
'---Generation: 18---'
array([[ 2.47087445e-05, -1.86380042e-06],
       [ 2.47130316e-05, -1.86397834e-06],
       [ 2.47468958e-05, -1.86555753e-06],
       [ 2.47820018e-05, -1.86533259e-06],
       [ 2.47548513e-05, -1.86612140e-06]])
'---Fitness: 18---'
array([2.54529309e+11, 2.54901433e+11, 2.58198105e+11, 2.58501378e+11,
       2.59341571e+11])
'---Test Fitness: 18---'
array([1.17769312e+11, 1.17430777e+11, 1.14283888e+11, 1.17255307e+11,
       1.12981267e+11])
'---Generation: 19---'
array([[ 2.47087445e-05, -1.86380042e-06],
       [ 2.47107594e-05, -1.86382266e-06],
       [ 2.47124957e-05, -1.86395610e-06],
       [ 2.47118735e-05, -1.86402006e-06],
       [ 2.47340431e-05, -1.86533789e-06]])
'---Fitness: 19---'
array([2.54529309e+11, 2.54606475e+11, 2.54854832e+11, 2.54944896e+11,
       2.57585553e+11])
'---Test Fitness: 19---'
array([1.17769312e+11, 1.17825043e+11, 1.17472956e+11, 1.17210115e+11,
       1.14216860e+11])
'---Generation: 20---'
array([[ 2.47122787e-05, -1.86196420e-06],
       [ 2.46601351e-05, -1.86388238e-06],
       [ 2.47087445e-05, -1.86380042e-06],
       [ 2.47114824e-05, -1.86399260e-06],
       [ 2.47493382e-05, -1.86382787e-06]])
'---Fitness: 20---'
array([2.51988974e+11, 2.53748099e+11, 2.54529309e+11, 2.54892719e+11,
       2.55471032e+11])
'---Test Fitness: 20---'
array([1.25030495e+11, 1.14448961e+11, 1.17769312e+11, 1.17279598e+11,
       1.20474372e+11])
'---Generation: 0---'
array([[-1.10381749e-08,  7.65126241e-10],
       [-1.10381749e-08,  7.65126241e-10],
       [-1.10381749e-08,  7.65126241e-10],
       [-1.10381749e-08,  7.65126241e-10],
       [-1.10381749e-08,  7.65126241e-10]])
'---Fitness: 0---'
array([2.92667979e+11, 2.92667979e+11, 2.92667979e+11, 2.92667979e+11,
       2.92667979e+11])
'---Test Fitness: 0---'
array([9.71778009e+10, 9.71778009e+10, 9.71778009e+10, 9.71778009e+10,
       9.71778009e+10])
'---Generation: 1---'
array([[-1.10381749e-08,  7.65126241e-10],
       [-1.10381749e-08,  7.65126241e-10],
       [-1.10488491e-08,  7.65126241e-10],
       [-1.10686572e-08,  7.65126241e-10],
       [-1.10381749e-08,  7.63615341e-10]])
'---Fitness: 1---'
array([2.92667979e+11, 2.92667979e+11, 2.93304731e+11, 2.94602796e+11,
       3.03573071e+11])
'---Test Fitness: 1---'
array([9.71778009e+10, 9.71778009e+10, 9.70500205e+10, 9.70361479e+10,
       9.71433340e+10])
'---Generation: 2---'
array([[-1.10381749e-08,  7.65126241e-10],
       [-1.10505941e-08,  7.65126241e-10],
       [-1.10616810e-08,  7.65126241e-10],
       [-1.10661812e-08,  7.65126241e-10],
       [-1.10395092e-08,  7.63705050e-10]])
'---Fitness: 2---'
array([2.92667979e+11, 2.93413003e+11, 2.94128363e+11, 2.94432261e+11,
       3.02979750e+11])
'---Test Fitness: 2---'
array([9.71778009e+10, 9.70371444e+10, 9.70079353e+10, 9.70220148e+10,
       9.70828660e+10])
'---Generation: 3---'
array([[-1.10525425e-08,  7.68263622e-10],
       [-1.10381749e-08,  7.65126241e-10],
       [-1.10642328e-08,  7.65126241e-10],
       [-1.10397273e-08,  7.62734243e-10],
       [-1.10490417e-08,  7.61783719e-10]])
'---Fitness: 3---'
array([2.76681343e+11, 2.92667979e+11, 2.94299729e+11, 3.11047093e+11,
       3.20887426e+11])
'---Test Fitness: 3---'
array([1.08013108e+11, 9.71778009e+10, 9.70140807e+10, 9.90412506e+10,
       1.03522422e+11])
'---Generation: 4---'
array([[-1.10525425e-08,  7.68263622e-10],
       [-1.10540038e-08,  7.66057665e-10],
       [-1.10414321e-08,  7.65503520e-10],
       [-1.10627715e-08,  7.65518414e-10],
       [-1.10609756e-08,  7.65126241e-10]])
'---Fitness: 4---'
array([2.76681343e+11, 2.87666870e+11, 2.90435298e+11, 2.91532252e+11,
       2.94081437e+11])
'---Test Fitness: 4---'
array([1.08013108e+11, 9.84678585e+10, 9.77063641e+10, 9.73161921e+10,
       9.70070861e+10])
'---Generation: 5---'
array([[-1.10525425e-08,  7.68263622e-10],
       [-1.10430036e-08,  7.66425656e-10],
       [-1.10509667e-08,  7.65990258e-10],
       [-1.10904563e-08,  7.65988397e-10],
       [-1.10616755e-08,  7.65585820e-10]])
'---Fitness: 5---'
array([2.76681343e+11, 2.85113957e+11, 2.87928361e+11, 2.90084054e+11,
       2.91023523e+11])
'---Test Fitness: 5---'
array([1.08013108e+11, 1.00051182e+11, 9.84226190e+10, 9.75272883e+10,
       9.74113164e+10])
'---Generation: 6---'
array([[-1.10525425e-08,  7.68263622e-10],
       [-1.10572817e-08,  7.67979219e-10],
       [-1.10572817e-08,  7.67979219e-10],
       [-1.10857171e-08,  7.67660371e-10],
       [-1.11009797e-08,  7.66272800e-10]])
'---Fitness: 6---'
array([2.76681343e+11, 2.77896073e+11, 2.77896073e+11, 2.79990616e+11,
       2.88830494e+11])
'---Test Fitness: 6---'
array([1.08013108e+11, 1.05822093e+11, 1.05822093e+11, 1.01825163e+11,
       9.77142751e+10])
'---Generation: 7---'
array([[-1.10525425e-08,  7.68263622e-10],
       [-1.10218250e-08,  7.67979219e-10],
       [-1.10482785e-08,  7.67979219e-10],
       [-1.10608361e-08,  7.67939363e-10],
       [-1.11300115e-08,  7.66572514e-10]])
'---Fitness: 7---'
array([2.76681343e+11, 2.77693410e+11, 2.77798678e+11, 2.78117570e+11,
       2.88646296e+11])
'---Test Fitness: 7---'
array([1.08013108e+11, 1.09952928e+11, 1.06782935e+11, 1.05244914e+11,
       9.78092755e+10])
'---Generation: 8---'
array([[-1.10751512e-08,  7.71352441e-10],
       [-1.10525425e-08,  7.68263622e-10],
       [-1.10498482e-08,  7.67725235e-10],
       [-1.11010558e-08,  7.67944345e-10],
       [-1.10597994e-08,  7.66355467e-10]])
'---Fitness: 8---'
array([2.67756432e+11, 2.76681343e+11, 2.78898435e+11, 2.78993506e+11,
       2.86171868e+11])
'---Test Fitness: 8---'
array([1.30399240e+11, 1.08013108e+11, 1.05192481e+11, 1.01866871e+11,
       9.89798594e+10])
'---Generation: 9---'
array([[-1.10751512e-08,  7.71352441e-10],
       [-1.10783892e-08,  7.71171567e-10],
       [-1.10723251e-08,  7.70966338e-10],
       [-1.10677143e-08,  7.70671006e-10],
       [-1.10606064e-08,  7.67313823e-10]])
'---Fitness: 9---'
array([2.67756432e+11, 2.67928500e+11, 2.68527985e+11, 2.69263851e+11,
       2.81038275e+11])
'---Test Fitness: 9---'
array([1.30399240e+11, 1.27836619e+11, 1.26956345e+11, 1.24914060e+11,
       1.02255875e+11])
'---Generation: 10---'
array([[-1.10741253e-08,  7.72494357e-10],
       [-1.11008262e-08,  7.71329831e-10],
       [-1.10751512e-08,  7.71352441e-10],
       [-1.10789438e-08,  7.71194176e-10],
       [-1.10612335e-08,  7.70707923e-10]])
'---Fitness: 10---'
array([2.66632426e+11, 2.66838016e+11, 2.67756432e+11, 2.67867193e+11,
       2.69414624e+11])
'---Test Fitness: 10---'
array([1.43989434e+11, 1.25022495e+11, 1.30399240e+11, 1.27957163e+11,
       1.26542037e+11])
'---Generation: 0---'
array([[-1.10381749e-08,  7.65126241e-10],
       [-1.10381749e-08,  7.65126241e-10],
       [-1.10381749e-08,  7.65126241e-10],
       [-1.10381749e-08,  7.65126241e-10],
       [-1.10381749e-08,  7.65126241e-10]])
'---Fitness: 0---'
array([2.92667979e+11, 2.92667979e+11, 2.92667979e+11, 2.92667979e+11,
       2.92667979e+11])
'---Test Fitness: 0---'
array([9.71778009e+10, 9.71778009e+10, 9.71778009e+10, 9.71778009e+10,
       9.71778009e+10])
'---Generation: 1---'
array([[-1.10381749e-08,  7.65126241e-10],
       [-1.10381749e-08,  7.65126241e-10],
       [-1.10488491e-08,  7.65126241e-10],
       [-1.10686572e-08,  7.65126241e-10],
       [-1.10381749e-08,  7.63615341e-10]])
'---Fitness: 1---'
array([2.92667979e+11, 2.92667979e+11, 2.93304731e+11, 2.94602796e+11,
       3.03573071e+11])
'---Test Fitness: 1---'
array([9.71778009e+10, 9.71778009e+10, 9.70500205e+10, 9.70361479e+10,
       9.71433340e+10])
'---Generation: 2---'
array([[-1.10381749e-08,  7.65126241e-10],
       [-1.10505941e-08,  7.65126241e-10],
       [-1.10616810e-08,  7.65126241e-10],
       [-1.10661812e-08,  7.65126241e-10],
       [-1.10395092e-08,  7.63705050e-10]])
'---Fitness: 2---'
array([2.92667979e+11, 2.93413003e+11, 2.94128363e+11, 2.94432261e+11,
       3.02979750e+11])
'---Test Fitness: 2---'
array([9.71778009e+10, 9.70371444e+10, 9.70079353e+10, 9.70220148e+10,
       9.70828660e+10])
'---Generation: 3---'
array([[-1.10525425e-08,  7.68263622e-10],
       [-1.10381749e-08,  7.65126241e-10],
       [-1.10642328e-08,  7.65126241e-10],
       [-1.10397273e-08,  7.62734243e-10],
       [-1.10490417e-08,  7.61783719e-10]])
'---Fitness: 3---'
array([2.76681343e+11, 2.92667979e+11, 2.94299729e+11, 3.11047093e+11,
       3.20887426e+11])
'---Test Fitness: 3---'
array([1.08013108e+11, 9.71778009e+10, 9.70140807e+10, 9.90412506e+10,
       1.03522422e+11])
'---Generation: 4---'
array([[-1.10525425e-08,  7.68263622e-10],
       [-1.10540038e-08,  7.66057665e-10],
       [-1.10414321e-08,  7.65503520e-10],
       [-1.10627715e-08,  7.65518414e-10],
       [-1.10609756e-08,  7.65126241e-10]])
'---Fitness: 4---'
array([2.76681343e+11, 2.87666870e+11, 2.90435298e+11, 2.91532252e+11,
       2.94081437e+11])
'---Test Fitness: 4---'
array([1.08013108e+11, 9.84678585e+10, 9.77063641e+10, 9.73161921e+10,
       9.70070861e+10])
'---Generation: 5---'
array([[-1.10525425e-08,  7.68263622e-10],
       [-1.10430036e-08,  7.66425656e-10],
       [-1.10509667e-08,  7.65990258e-10],
       [-1.10904563e-08,  7.65988397e-10],
       [-1.10616755e-08,  7.65585820e-10]])
'---Fitness: 5---'
array([2.76681343e+11, 2.85113957e+11, 2.87928361e+11, 2.90084054e+11,
       2.91023523e+11])
'---Test Fitness: 5---'
array([1.08013108e+11, 1.00051182e+11, 9.84226190e+10, 9.75272883e+10,
       9.74113164e+10])
'---Generation: 6---'
array([[-1.10525425e-08,  7.68263622e-10],
       [-1.10572817e-08,  7.67979219e-10],
       [-1.10572817e-08,  7.67979219e-10],
       [-1.10857171e-08,  7.67660371e-10],
       [-1.11009797e-08,  7.66272800e-10]])
'---Fitness: 6---'
array([2.76681343e+11, 2.77896073e+11, 2.77896073e+11, 2.79990616e+11,
       2.88830494e+11])
'---Test Fitness: 6---'
array([1.08013108e+11, 1.05822093e+11, 1.05822093e+11, 1.01825163e+11,
       9.77142751e+10])
'---Generation: 7---'
array([[-1.10525425e-08,  7.68263622e-10],
       [-1.10218250e-08,  7.67979219e-10],
       [-1.10482785e-08,  7.67979219e-10],
       [-1.10608361e-08,  7.67939363e-10],
       [-1.11300115e-08,  7.66572514e-10]])
'---Fitness: 7---'
array([2.76681343e+11, 2.77693410e+11, 2.77798678e+11, 2.78117570e+11,
       2.88646296e+11])
'---Test Fitness: 7---'
array([1.08013108e+11, 1.09952928e+11, 1.06782935e+11, 1.05244914e+11,
       9.78092755e+10])
'---Generation: 8---'
array([[-1.10751512e-08,  7.71352441e-10],
       [-1.10525425e-08,  7.68263622e-10],
       [-1.10498482e-08,  7.67725235e-10],
       [-1.11010558e-08,  7.67944345e-10],
       [-1.10597994e-08,  7.66355467e-10]])
'---Fitness: 8---'
array([2.67756432e+11, 2.76681343e+11, 2.78898435e+11, 2.78993506e+11,
       2.86171868e+11])
'---Test Fitness: 8---'
array([1.30399240e+11, 1.08013108e+11, 1.05192481e+11, 1.01866871e+11,
       9.89798594e+10])
'---Generation: 9---'
array([[-1.10751512e-08,  7.71352441e-10],
       [-1.10783892e-08,  7.71171567e-10],
       [-1.10723251e-08,  7.70966338e-10],
       [-1.10677143e-08,  7.70671006e-10],
       [-1.10606064e-08,  7.67313823e-10]])
'---Fitness: 9---'
array([2.67756432e+11, 2.67928500e+11, 2.68527985e+11, 2.69263851e+11,
       2.81038275e+11])
'---Test Fitness: 9---'
array([1.30399240e+11, 1.27836619e+11, 1.26956345e+11, 1.24914060e+11,
       1.02255875e+11])
'---Generation: 10---'
array([[-1.10741253e-08,  7.72494357e-10],
       [-1.11008262e-08,  7.71329831e-10],
       [-1.10751512e-08,  7.71352441e-10],
       [-1.10789438e-08,  7.71194176e-10],
       [-1.10612335e-08,  7.70707923e-10]])
'---Fitness: 10---'
array([2.66632426e+11, 2.66838016e+11, 2.67756432e+11, 2.67867193e+11,
       2.69414624e+11])
'---Test Fitness: 10---'
array([1.43989434e+11, 1.25022495e+11, 1.30399240e+11, 1.27957163e+11,
       1.26542037e+11])
